mode: set
github.com/rubengomes8/golang-personal-finances/internal/http/service/expenses.go:29.28,35.2 1 0
github.com/rubengomes8/golang-personal-finances/internal/http/service/expenses.go:38.59,42.16 3 0
github.com/rubengomes8/golang-personal-finances/internal/http/service/expenses.go:47.2,48.16 2 0
github.com/rubengomes8/golang-personal-finances/internal/http/service/expenses.go:53.2,54.16 2 0
github.com/rubengomes8/golang-personal-finances/internal/http/service/expenses.go:59.2,68.16 3 0
github.com/rubengomes8/golang-personal-finances/internal/http/service/expenses.go:73.2,73.47 1 0
github.com/rubengomes8/golang-personal-finances/internal/http/service/expenses.go:42.16,45.3 2 0
github.com/rubengomes8/golang-personal-finances/internal/http/service/expenses.go:48.16,51.3 2 0
github.com/rubengomes8/golang-personal-finances/internal/http/service/expenses.go:54.16,57.3 2 0
github.com/rubengomes8/golang-personal-finances/internal/http/service/expenses.go:68.16,71.3 2 0
github.com/rubengomes8/golang-personal-finances/internal/http/service/expenses.go:77.59,81.16 3 0
github.com/rubengomes8/golang-personal-finances/internal/http/service/expenses.go:86.2,87.16 2 0
github.com/rubengomes8/golang-personal-finances/internal/http/service/expenses.go:92.2,93.16 2 0
github.com/rubengomes8/golang-personal-finances/internal/http/service/expenses.go:98.2,101.16 3 0
github.com/rubengomes8/golang-personal-finances/internal/http/service/expenses.go:106.2,116.16 3 0
github.com/rubengomes8/golang-personal-finances/internal/http/service/expenses.go:121.2,121.46 1 0
github.com/rubengomes8/golang-personal-finances/internal/http/service/expenses.go:81.16,84.3 2 0
github.com/rubengomes8/golang-personal-finances/internal/http/service/expenses.go:87.16,90.3 2 0
github.com/rubengomes8/golang-personal-finances/internal/http/service/expenses.go:93.16,96.3 2 0
github.com/rubengomes8/golang-personal-finances/internal/http/service/expenses.go:101.16,104.3 2 0
github.com/rubengomes8/golang-personal-finances/internal/http/service/expenses.go:116.16,119.3 2 0
github.com/rubengomes8/golang-personal-finances/internal/http/service/expenses.go:125.60,130.16 3 0
github.com/rubengomes8/golang-personal-finances/internal/http/service/expenses.go:135.2,136.16 2 0
github.com/rubengomes8/golang-personal-finances/internal/http/service/expenses.go:141.2,143.42 2 0
github.com/rubengomes8/golang-personal-finances/internal/http/service/expenses.go:130.16,133.3 2 0
github.com/rubengomes8/golang-personal-finances/internal/http/service/expenses.go:136.16,139.3 2 0
github.com/rubengomes8/golang-personal-finances/internal/http/service/expenses.go:147.67,152.16 3 0
github.com/rubengomes8/golang-personal-finances/internal/http/service/expenses.go:157.2,159.43 2 0
github.com/rubengomes8/golang-personal-finances/internal/http/service/expenses.go:152.16,155.3 2 0
github.com/rubengomes8/golang-personal-finances/internal/http/service/expenses.go:163.70,168.16 3 0
github.com/rubengomes8/golang-personal-finances/internal/http/service/expenses.go:173.2,175.43 2 0
github.com/rubengomes8/golang-personal-finances/internal/http/service/expenses.go:168.16,171.3 2 0
github.com/rubengomes8/golang-personal-finances/internal/http/service/expenses.go:179.63,184.16 3 0
github.com/rubengomes8/golang-personal-finances/internal/http/service/expenses.go:189.2,191.43 2 0
github.com/rubengomes8/golang-personal-finances/internal/http/service/expenses.go:184.16,187.3 2 0
github.com/rubengomes8/golang-personal-finances/internal/http/service/expenses.go:195.64,201.16 4 0
github.com/rubengomes8/golang-personal-finances/internal/http/service/expenses.go:206.2,207.16 2 0
github.com/rubengomes8/golang-personal-finances/internal/http/service/expenses.go:212.2,213.16 2 0
github.com/rubengomes8/golang-personal-finances/internal/http/service/expenses.go:218.2,220.43 2 0
github.com/rubengomes8/golang-personal-finances/internal/http/service/expenses.go:201.16,204.3 2 0
github.com/rubengomes8/golang-personal-finances/internal/http/service/expenses.go:207.16,210.3 2 0
github.com/rubengomes8/golang-personal-finances/internal/http/service/expenses.go:213.16,216.3 2 0
github.com/rubengomes8/golang-personal-finances/internal/http/service/expenses.go:224.59,229.16 3 0
github.com/rubengomes8/golang-personal-finances/internal/http/service/expenses.go:234.2,235.16 2 0
github.com/rubengomes8/golang-personal-finances/internal/http/service/expenses.go:240.2,240.46 1 0
github.com/rubengomes8/golang-personal-finances/internal/http/service/expenses.go:229.16,232.3 2 0
github.com/rubengomes8/golang-personal-finances/internal/http/service/expenses.go:235.16,238.3 2 0
github.com/rubengomes8/golang-personal-finances/internal/http/service/expenses.go:246.67,248.16 2 0
github.com/rubengomes8/golang-personal-finances/internal/http/service/expenses.go:252.2,253.16 2 0
github.com/rubengomes8/golang-personal-finances/internal/http/service/expenses.go:257.2,257.41 1 0
github.com/rubengomes8/golang-personal-finances/internal/http/service/expenses.go:248.16,250.3 1 0
github.com/rubengomes8/golang-personal-finances/internal/http/service/expenses.go:253.16,255.3 1 0
github.com/rubengomes8/golang-personal-finances/internal/http/service/expenses.go:260.55,262.2 1 1
github.com/rubengomes8/golang-personal-finances/internal/http/service/expenses.go:264.43,266.2 1 1
github.com/rubengomes8/golang-personal-finances/internal/http/service/expenses.go:268.92,277.2 1 1
github.com/rubengomes8/golang-personal-finances/internal/http/service/expenses.go:279.105,281.41 2 1
github.com/rubengomes8/golang-personal-finances/internal/http/service/expenses.go:284.2,284.25 1 1
github.com/rubengomes8/golang-personal-finances/internal/http/service/expenses.go:281.41,283.3 1 1
github.com/rubengomes8/golang-personal-finances/internal/grpc/expenses/service.go:27.28,33.2 1 0
github.com/rubengomes8/golang-personal-finances/internal/grpc/expenses/service.go:39.44,42.16 2 0
github.com/rubengomes8/golang-personal-finances/internal/grpc/expenses/service.go:46.2,55.16 3 0
github.com/rubengomes8/golang-personal-finances/internal/grpc/expenses/service.go:59.2,61.8 1 0
github.com/rubengomes8/golang-personal-finances/internal/grpc/expenses/service.go:42.16,44.3 1 0
github.com/rubengomes8/golang-personal-finances/internal/grpc/expenses/service.go:55.16,57.3 1 0
github.com/rubengomes8/golang-personal-finances/internal/grpc/expenses/service.go:68.44,71.16 2 0
github.com/rubengomes8/golang-personal-finances/internal/grpc/expenses/service.go:75.2,85.16 3 0
github.com/rubengomes8/golang-personal-finances/internal/grpc/expenses/service.go:89.2,91.8 1 0
github.com/rubengomes8/golang-personal-finances/internal/grpc/expenses/service.go:71.16,73.3 1 0
github.com/rubengomes8/golang-personal-finances/internal/grpc/expenses/service.go:85.16,87.3 1 0
github.com/rubengomes8/golang-personal-finances/internal/grpc/expenses/service.go:98.45,104.2 2 0
github.com/rubengomes8/golang-personal-finances/internal/grpc/expenses/service.go:110.42,118.16 3 0
github.com/rubengomes8/golang-personal-finances/internal/grpc/expenses/service.go:122.2,126.8 2 0
github.com/rubengomes8/golang-personal-finances/internal/grpc/expenses/service.go:118.16,120.3 1 0
github.com/rubengomes8/golang-personal-finances/internal/grpc/expenses/service.go:133.42,137.16 3 0
github.com/rubengomes8/golang-personal-finances/internal/grpc/expenses/service.go:141.2,145.8 2 0
github.com/rubengomes8/golang-personal-finances/internal/grpc/expenses/service.go:137.16,139.3 1 0
github.com/rubengomes8/golang-personal-finances/internal/grpc/expenses/service.go:152.42,157.16 3 0
github.com/rubengomes8/golang-personal-finances/internal/grpc/expenses/service.go:161.2,165.8 2 0
github.com/rubengomes8/golang-personal-finances/internal/grpc/expenses/service.go:157.16,159.3 1 0
github.com/rubengomes8/golang-personal-finances/internal/grpc/expenses/service.go:172.42,177.16 3 0
github.com/rubengomes8/golang-personal-finances/internal/grpc/expenses/service.go:181.2,185.8 2 0
github.com/rubengomes8/golang-personal-finances/internal/grpc/expenses/service.go:177.16,179.3 1 0
github.com/rubengomes8/golang-personal-finances/internal/grpc/expenses/service.go:188.39,190.2 1 1
github.com/rubengomes8/golang-personal-finances/internal/grpc/expenses/service.go:192.39,194.2 1 1
github.com/rubengomes8/golang-personal-finances/internal/grpc/expenses/service.go:199.61,202.16 2 0
github.com/rubengomes8/golang-personal-finances/internal/grpc/expenses/service.go:208.2,209.16 2 0
github.com/rubengomes8/golang-personal-finances/internal/grpc/expenses/service.go:215.2,215.41 1 0
github.com/rubengomes8/golang-personal-finances/internal/grpc/expenses/service.go:202.16,206.3 1 0
github.com/rubengomes8/golang-personal-finances/internal/grpc/expenses/service.go:209.16,213.3 1 0
github.com/rubengomes8/golang-personal-finances/internal/grpc/expenses/service.go:220.34,226.41 3 0
github.com/rubengomes8/golang-personal-finances/internal/grpc/expenses/service.go:243.2,243.25 1 0
github.com/rubengomes8/golang-personal-finances/internal/grpc/expenses/service.go:226.41,241.3 3 0
