mode: atomic
github.com/rubengomes8/golang-personal-finances/internal/http/service/expenses.go:29.28,35.2 1 8
github.com/rubengomes8/golang-personal-finances/internal/http/service/expenses.go:38.59,42.16 3 3
github.com/rubengomes8/golang-personal-finances/internal/http/service/expenses.go:49.2,50.16 2 3
github.com/rubengomes8/golang-personal-finances/internal/http/service/expenses.go:57.2,58.16 2 2
github.com/rubengomes8/golang-personal-finances/internal/http/service/expenses.go:65.2,74.16 3 1
github.com/rubengomes8/golang-personal-finances/internal/http/service/expenses.go:81.2,82.20 2 1
github.com/rubengomes8/golang-personal-finances/internal/http/service/expenses.go:42.16,47.3 2 0
github.com/rubengomes8/golang-personal-finances/internal/http/service/expenses.go:50.16,55.3 2 1
github.com/rubengomes8/golang-personal-finances/internal/http/service/expenses.go:58.16,63.3 2 1
github.com/rubengomes8/golang-personal-finances/internal/http/service/expenses.go:74.16,79.3 2 0
github.com/rubengomes8/golang-personal-finances/internal/http/service/expenses.go:86.59,90.16 3 4
github.com/rubengomes8/golang-personal-finances/internal/http/service/expenses.go:97.2,98.16 2 4
github.com/rubengomes8/golang-personal-finances/internal/http/service/expenses.go:105.2,106.16 2 3
github.com/rubengomes8/golang-personal-finances/internal/http/service/expenses.go:113.2,116.16 3 2
github.com/rubengomes8/golang-personal-finances/internal/http/service/expenses.go:123.2,133.16 3 1
github.com/rubengomes8/golang-personal-finances/internal/http/service/expenses.go:140.2,141.20 2 1
github.com/rubengomes8/golang-personal-finances/internal/http/service/expenses.go:90.16,95.3 2 0
github.com/rubengomes8/golang-personal-finances/internal/http/service/expenses.go:98.16,103.3 2 1
github.com/rubengomes8/golang-personal-finances/internal/http/service/expenses.go:106.16,111.3 2 1
github.com/rubengomes8/golang-personal-finances/internal/http/service/expenses.go:116.16,121.3 2 1
github.com/rubengomes8/golang-personal-finances/internal/http/service/expenses.go:133.16,138.3 2 0
github.com/rubengomes8/golang-personal-finances/internal/http/service/expenses.go:145.60,150.16 3 3
github.com/rubengomes8/golang-personal-finances/internal/http/service/expenses.go:157.2,158.16 2 2
github.com/rubengomes8/golang-personal-finances/internal/http/service/expenses.go:165.2,168.20 3 1
github.com/rubengomes8/golang-personal-finances/internal/http/service/expenses.go:150.16,155.3 2 1
github.com/rubengomes8/golang-personal-finances/internal/http/service/expenses.go:158.16,163.3 2 1
github.com/rubengomes8/golang-personal-finances/internal/http/service/expenses.go:172.67,177.16 3 2
github.com/rubengomes8/golang-personal-finances/internal/http/service/expenses.go:184.2,187.20 3 1
github.com/rubengomes8/golang-personal-finances/internal/http/service/expenses.go:177.16,182.3 2 1
github.com/rubengomes8/golang-personal-finances/internal/http/service/expenses.go:191.70,196.16 3 2
github.com/rubengomes8/golang-personal-finances/internal/http/service/expenses.go:203.2,206.20 3 1
github.com/rubengomes8/golang-personal-finances/internal/http/service/expenses.go:196.16,201.3 2 1
github.com/rubengomes8/golang-personal-finances/internal/http/service/expenses.go:210.63,215.16 3 2
github.com/rubengomes8/golang-personal-finances/internal/http/service/expenses.go:222.2,225.20 3 1
github.com/rubengomes8/golang-personal-finances/internal/http/service/expenses.go:215.16,220.3 2 1
github.com/rubengomes8/golang-personal-finances/internal/http/service/expenses.go:229.64,235.16 4 3
github.com/rubengomes8/golang-personal-finances/internal/http/service/expenses.go:242.2,243.16 2 2
github.com/rubengomes8/golang-personal-finances/internal/http/service/expenses.go:250.2,251.16 2 1
github.com/rubengomes8/golang-personal-finances/internal/http/service/expenses.go:258.2,261.20 3 1
github.com/rubengomes8/golang-personal-finances/internal/http/service/expenses.go:235.16,240.3 2 1
github.com/rubengomes8/golang-personal-finances/internal/http/service/expenses.go:243.16,248.3 2 1
github.com/rubengomes8/golang-personal-finances/internal/http/service/expenses.go:251.16,256.3 2 0
github.com/rubengomes8/golang-personal-finances/internal/http/service/expenses.go:265.59,270.16 3 3
github.com/rubengomes8/golang-personal-finances/internal/http/service/expenses.go:277.2,278.16 2 3
github.com/rubengomes8/golang-personal-finances/internal/http/service/expenses.go:285.2,286.20 2 1
github.com/rubengomes8/golang-personal-finances/internal/http/service/expenses.go:270.16,275.3 2 0
github.com/rubengomes8/golang-personal-finances/internal/http/service/expenses.go:278.16,283.3 2 2
github.com/rubengomes8/golang-personal-finances/internal/http/service/expenses.go:292.67,294.16 2 7
github.com/rubengomes8/golang-personal-finances/internal/http/service/expenses.go:298.2,299.16 2 7
github.com/rubengomes8/golang-personal-finances/internal/http/service/expenses.go:303.2,303.41 1 5
github.com/rubengomes8/golang-personal-finances/internal/http/service/expenses.go:294.16,296.3 1 0
github.com/rubengomes8/golang-personal-finances/internal/http/service/expenses.go:299.16,301.3 1 2
github.com/rubengomes8/golang-personal-finances/internal/http/service/expenses.go:306.55,308.2 1 12
github.com/rubengomes8/golang-personal-finances/internal/http/service/expenses.go:310.43,312.2 1 13
github.com/rubengomes8/golang-personal-finances/internal/http/service/expenses.go:314.92,323.2 1 12
github.com/rubengomes8/golang-personal-finances/internal/http/service/expenses.go:325.105,327.41 2 5
github.com/rubengomes8/golang-personal-finances/internal/http/service/expenses.go:330.2,330.25 1 5
github.com/rubengomes8/golang-personal-finances/internal/http/service/expenses.go:327.41,329.3 1 10
github.com/rubengomes8/golang-personal-finances/internal/grpc/expenses/service.go:27.28,33.2 1 0
github.com/rubengomes8/golang-personal-finances/internal/grpc/expenses/service.go:39.44,42.16 2 2
github.com/rubengomes8/golang-personal-finances/internal/grpc/expenses/service.go:46.2,55.16 3 1
github.com/rubengomes8/golang-personal-finances/internal/grpc/expenses/service.go:59.2,61.8 1 1
github.com/rubengomes8/golang-personal-finances/internal/grpc/expenses/service.go:42.16,44.3 1 1
github.com/rubengomes8/golang-personal-finances/internal/grpc/expenses/service.go:55.16,57.3 1 0
github.com/rubengomes8/golang-personal-finances/internal/grpc/expenses/service.go:68.44,71.16 2 0
github.com/rubengomes8/golang-personal-finances/internal/grpc/expenses/service.go:75.2,85.16 3 0
github.com/rubengomes8/golang-personal-finances/internal/grpc/expenses/service.go:89.2,91.8 1 0
github.com/rubengomes8/golang-personal-finances/internal/grpc/expenses/service.go:71.16,73.3 1 0
github.com/rubengomes8/golang-personal-finances/internal/grpc/expenses/service.go:85.16,87.3 1 0
github.com/rubengomes8/golang-personal-finances/internal/grpc/expenses/service.go:98.45,104.2 2 0
github.com/rubengomes8/golang-personal-finances/internal/grpc/expenses/service.go:110.42,118.16 3 0
github.com/rubengomes8/golang-personal-finances/internal/grpc/expenses/service.go:122.2,126.8 2 0
github.com/rubengomes8/golang-personal-finances/internal/grpc/expenses/service.go:118.16,120.3 1 0
github.com/rubengomes8/golang-personal-finances/internal/grpc/expenses/service.go:133.42,137.16 3 0
github.com/rubengomes8/golang-personal-finances/internal/grpc/expenses/service.go:141.2,145.8 2 0
github.com/rubengomes8/golang-personal-finances/internal/grpc/expenses/service.go:137.16,139.3 1 0
github.com/rubengomes8/golang-personal-finances/internal/grpc/expenses/service.go:152.42,157.16 3 0
github.com/rubengomes8/golang-personal-finances/internal/grpc/expenses/service.go:161.2,165.8 2 0
github.com/rubengomes8/golang-personal-finances/internal/grpc/expenses/service.go:157.16,159.3 1 0
github.com/rubengomes8/golang-personal-finances/internal/grpc/expenses/service.go:172.42,177.16 3 0
github.com/rubengomes8/golang-personal-finances/internal/grpc/expenses/service.go:181.2,185.8 2 0
github.com/rubengomes8/golang-personal-finances/internal/grpc/expenses/service.go:177.16,179.3 1 0
github.com/rubengomes8/golang-personal-finances/internal/grpc/expenses/service.go:188.39,190.2 1 2
github.com/rubengomes8/golang-personal-finances/internal/grpc/expenses/service.go:192.39,194.2 1 1
github.com/rubengomes8/golang-personal-finances/internal/grpc/expenses/service.go:199.61,202.16 2 2
github.com/rubengomes8/golang-personal-finances/internal/grpc/expenses/service.go:208.2,209.16 2 2
github.com/rubengomes8/golang-personal-finances/internal/grpc/expenses/service.go:215.2,215.41 1 1
github.com/rubengomes8/golang-personal-finances/internal/grpc/expenses/service.go:202.16,206.3 1 0
github.com/rubengomes8/golang-personal-finances/internal/grpc/expenses/service.go:209.16,213.3 1 1
github.com/rubengomes8/golang-personal-finances/internal/grpc/expenses/service.go:220.34,226.41 3 0
github.com/rubengomes8/golang-personal-finances/internal/grpc/expenses/service.go:243.2,243.25 1 0
github.com/rubengomes8/golang-personal-finances/internal/grpc/expenses/service.go:226.41,241.3 3 0
